\BOOKMARK [0][-]{chapter.1}{\376\377\004\022\004\062\004\065\004\064\004\065\004\075\004\070\004\065}{}% 1
\BOOKMARK [0][-]{chapter.2}{\376\377\004\032\004\070\004\075\004\065\004\102\004\070\004\107\004\065\004\101\004\072\004\076\004\065\000\040\004\076\004\077\004\070\004\101\004\060\004\075\004\070\004\065\000\040\004\077\004\076\004\073\004\070\004\064\004\070\004\101\004\077\004\065\004\100\004\101\004\075\004\076\004\071\000\040\004\101\004\070\004\101\004\102\004\065\004\074\004\113}{}% 2
\BOOKMARK [1][-]{section.2.1}{\376\377\004\043\004\100\004\060\004\062\004\075\004\065\004\075\004\070\004\117\000\040\004\021\004\076\004\073\004\114\004\106\004\074\004\060\004\075\004\060}{chapter.2}% 3
\BOOKMARK [1][-]{section.2.2}{\376\377\004\034\004\065\004\105\004\060\004\075\004\070\004\072\004\060\000\040\004\101\004\102\004\076\004\073\004\072\004\075\004\076\004\062\004\065\004\075\004\070\004\071}{chapter.2}% 4
\BOOKMARK [1][-]{section.2.3}{\376\377\004\030\004\075\004\102\004\065\004\063\004\100\004\060\004\073\000\040\004\101\004\102\004\076\004\073\004\072\004\075\004\076\004\062\004\065\004\075\004\070\004\071}{chapter.2}% 5
\BOOKMARK [1][-]{section.2.4}{\376\377\004\055\004\062\004\076\004\073\004\116\004\106\004\070\004\117\000\040\004\115\004\075\004\065\004\100\004\063\004\070\004\070\000\040\004\101\004\070\004\101\004\102\004\065\004\074\004\113}{chapter.2}% 6
\BOOKMARK [0][-]{chapter.3}{\376\377\004\023\004\070\004\064\004\100\004\076\004\064\004\070\004\075\004\060\004\074\004\070\004\107\004\065\004\101\004\072\004\076\004\065\000\040\004\076\004\077\004\070\004\101\004\060\004\075\004\070\004\065\000\040\004\101\004\070\004\101\004\102\004\065\004\074\004\113}{}% 7
\BOOKMARK [1][-]{section.3.1}{\376\377\004\043\004\100\004\060\004\062\004\075\004\065\004\075\004\070\004\117\000\040\004\077\004\065\004\100\004\065\004\075\004\076\004\101\004\060}{chapter.3}% 8
\BOOKMARK [2][-]{subsection.3.1.1}{\376\377\004\037\004\065\004\100\004\065\004\075\004\076\004\101\000\040\004\074\004\060\004\101\004\101\004\113}{section.3.1}% 9
\BOOKMARK [2][-]{subsection.3.1.2}{\376\377\004\037\004\065\004\100\004\065\004\075\004\076\004\101\000\040\004\070\004\074\004\077\004\103\004\073\004\114\004\101\004\060}{section.3.1}% 10
\BOOKMARK [2][-]{subsection.3.1.3}{\376\377\004\037\004\065\004\100\004\065\004\075\004\076\004\101\000\040\004\115\004\075\004\065\004\100\004\063\004\070\004\070}{section.3.1}% 11
\BOOKMARK [2][-]{subsection.3.1.4}{\376\377\004\022\004\065\004\072\004\102\004\076\004\100\000\040\004\077\004\076\004\102\004\076\004\072\004\060\000\040\004\102\004\065\004\077\004\073\004\060\000\040\004\070\000\040\004\102\004\065\004\075\004\067\004\076\004\100\000\040\004\062\004\117\004\067\004\072\004\070\004\105\000\040\004\075\004\060\004\077\004\100\004\117\004\066\004\065\004\075\004\070\004\071}{section.3.1}% 12
\BOOKMARK [1][-]{section.3.2}{\376\377\004\041\004\072\004\076\004\100\004\076\004\101\004\102\004\114\000\040\004\076\004\105\004\073\004\060\004\066\004\064\004\065\004\075\004\070\004\117\000\040\004\101\004\070\004\101\004\102\004\065\004\074\004\113}{chapter.3}% 13
\BOOKMARK [2][-]{subsection.3.2.1}{\376\377\004\020\004\075\004\060\004\073\004\070\004\067\000\040\004\064\004\070\004\101\004\101\004\070\004\077\004\060\004\106\004\070\004\070\000\040\004\064\004\073\004\117\000\040\004\064\004\070\004\101\004\072\004\060}{section.3.2}% 14
\BOOKMARK [2][-]{subsection.3.2.2}{\376\377\004\043\004\101\004\100\004\065\004\064\004\075\004\065\004\075\004\075\004\113\004\065\000\040\004\077\004\076\000\040\004\060\004\075\004\101\004\060\004\074\004\061\004\073\004\116\000\040\004\064\004\070\004\075\004\060\004\074\004\070\004\107\004\065\004\101\004\072\004\070\004\065\000\040\004\077\004\060\004\100\004\060\004\074\004\065\004\102\004\100\004\113\000\040\004\101\004\074\004\065\004\101\004\070\000\040\004\063\004\100\004\060\004\075\004\103\004\073\004\117\004\100\004\075\004\113\004\105\000\040\004\063\004\060\004\067\004\076\004\062}{section.3.2}% 15
\BOOKMARK [2][-]{subsection.3.2.3}{\376\377\004\035\004\076\004\100\004\074\004\060\004\073\004\114\004\075\004\076\004\065\000\040\004\100\004\065\004\110\004\065\004\075\004\070\004\065\000\040\004\070\000\040\004\077\004\100\004\070\004\061\004\073\004\070\004\066\004\065\004\075\004\070\004\065\000\040\004\077\004\076\000\040\004\101\004\100\004\065\004\064\004\075\004\065\004\074\004\103\000\040\004\077\004\076\004\073\004\116}{section.3.2}% 16
\BOOKMARK [0][-]{chapter.4}{\376\377\004\024\004\070\004\101\004\072\000\040\004\101\000\040\004\064\004\070\004\104\004\104\004\065\004\100\004\065\004\075\004\106\004\070\004\060\004\073\004\114\004\075\004\113\004\074\000\040\004\062\004\100\004\060\004\111\004\065\004\075\004\070\004\065\004\074}{}% 17
\BOOKMARK [1][-]{section.4.1}{\376\377\004\020\004\067\004\070\004\074\004\103\004\102\004\060\004\073\004\114\004\075\004\060\004\117\000\040\004\101\004\070\004\074\004\074\004\065\004\102\004\100\004\070\004\117}{chapter.4}% 18
\BOOKMARK [1][-]{section.4.2}{\376\377\004\041\004\102\004\060\004\106\004\070\004\076\004\075\004\060\004\100\004\075\004\076\004\065\000\040\004\100\004\065\004\110\004\065\004\075\004\070\004\065}{chapter.4}% 19
\BOOKMARK [0][-]{chapter.5}{\376\377\004\032\004\076\004\074\004\077\004\114\004\116\004\102\004\065\004\100\004\075\004\076\004\065\000\040\004\074\004\076\004\064\004\065\004\073\004\070\004\100\004\076\004\062\004\060\004\075\004\070\004\065\000\040\004\063\004\100\004\060\004\075\004\103\004\073\004\117\004\100\004\075\004\076\004\071\000\040\004\101\004\070\004\101\004\102\004\065\004\074\004\113\000\040\004\074\004\065\004\102\004\076\004\064\004\076\004\074\000\040\004\064\004\070\004\101\004\072\004\100\004\065\004\102\004\075\004\113\004\105\000\040\004\115\004\073\004\065\004\074\004\065\004\075\004\102\004\076\004\062}{}% 20
\BOOKMARK [0][-]{section*.8}{\376\377\004\027\004\060\004\072\004\073\004\116\004\107\004\065\004\075\004\070\004\065}{}% 21
\BOOKMARK [0][-]{section*.9}{\376\377\004\041\004\077\004\070\004\101\004\076\004\072\000\040\000\040\004\070\004\101\004\077\004\076\004\073\004\114\004\067\004\076\004\062\004\060\004\075\004\075\004\113\004\105\000\040\000\040\004\070\004\101\004\102\004\076\004\107\004\075\004\070\004\072\004\076\004\062}{}% 22
\BOOKMARK [0][-]{appendix.A}{\376\377\004\032\004\060\004\100\004\102\004\070\004\075\004\072\004\070}{}% 23
\BOOKMARK [0][-]{appendix.B}{\376\377\004\025\004\111\004\065\000\040\004\072\004\060\004\100\004\102\004\070\004\075\004\072\004\070}{}% 24
